                                                 P T O L E M Y
 April 2007 version     Computer: Intel Pentium, Redhat Linux  e-d07pa72078wl.it.manchester.ac.uk          28 Feb 19  145220.655

0INPUT... reset
                                                 P T O L E M Y
 April 2007 version     Computer: Intel Pentium, Redhat Linux  e-d07pa72078wl.it.manchester.ac.uk          28 Feb 19  145220.656

0INPUT... r0target
0INPUT... print 0
0INPUT... REACTION: 116Cd(d,p)117Cd(1/2+ 0.0) ELAB=15
0INPUT... PARAMETERSET dpsb labangles r0target lstep=1 lmin=0 lmax=30 maxlextrap=0
0INPUT... LMIN=0 LMAX=40
0INPUT... PROJECTILE
0INPUT... NODES = 0
0INPUT... R = 1   A = 0.5   WAVEFUNCTION = av18   L = 0
 LINKULE AV18     IS LINKULE NUMBER/location      16
0INPUT...  
0INPUT... ;
0FIXED COMMON BLOCK VERSION OF PTOLEMY,  ALLOCATOR SIZE =  6249990 WORDS.

 Check of LOC:   136707280   136707280
 CURRENT ALLOCATOR SIZE =    6249990 words          BIASES =    136707280   136707264           3
0INPUT... TARGET
0INPUT... nodes=2 l=0 jp=1/2 r0=1.28 a=0.65 vso=6 rso0=1.10 aso=0.65 rc0=1.3
0INPUT... ;
 FOR V =   71.29,  E =  -5.78, WAVEFUNCTION HAS  3 NODES BUT  2 ARE DESIRED.
 WILL TRY A NEW V:      45.000    
0INPUT... INCOMING
0INPUT... v = 94.46 r0 = 1.15 a = 0.78
0INPUT... vi = 2.037 ri0 = 1.325 ai = 0.367
0INPUT... vsi = 10.371 rsi0 = 1.365 asi = 0.833
0INPUT... vso = 3.557 rso0 = 0.972 aso = 1.011
0INPUT... vsoi = 0 rsoi0 = 0 asoi = 0 rc0 = 1.303
0INPUT... ;
0INPUT... OUTGOING
0INPUT... v = 56.368 r0 = 1.221 a = 0.661
0INPUT... vi = 1.025 ri0 = 1.221 ai = 0.661
0INPUT... vsi = 9.128 rsi0 = 1.265 asi = 0.579
0INPUT... vso = 5.746 rso0 = 1.053 aso = 0.59
0INPUT... vsoi = -0.057 rsoi0 = 1.053 asoi = 0.59 rc0 = 1.232
0INPUT... ;
0INPUT... LABANGLES
0INPUT... ANGLEMIN=0 ANGLEMAX=60 ANGLESTEP=1
0INPUT... ;
0**** ERROR:  THE DIF GRID RANGE FOR SUM =   23.75 IS ESSENTIALLY ZERO DUE TO BOUND STATE ASYMPTOPIA LIMITATIONS; RANGE =   -0.883E-13
 **** IN FUTURE RUNS ASYMPTOPIA MUST BE INCREASED.
0**** ERROR:  THE DIF GRID RANGE FOR SUM =   24.49 IS ESSENTIALLY ZERO DUE TO BOUND STATE ASYMPTOPIA LIMITATIONS; RANGE =   -0.911E-13
 **** IN FUTURE RUNS ASYMPTOPIA MUST BE INCREASED.
0**** ERROR:  THE DIF GRID RANGE FOR SUM =   25.18 IS ESSENTIALLY ZERO DUE TO BOUND STATE ASYMPTOPIA LIMITATIONS; RANGE =   -0.937E-13
 **** IN FUTURE RUNS ASYMPTOPIA MUST BE INCREASED.
0**** ERROR:  THE DIF GRID RANGE FOR SUM =   25.79 IS ESSENTIALLY ZERO DUE TO BOUND STATE ASYMPTOPIA LIMITATIONS; RANGE =   -0.959E-13
 **** IN FUTURE RUNS ASYMPTOPIA MUST BE INCREASED.
0**** ERROR:  THE DIF GRID RANGE FOR SUM =   26.30 IS ESSENTIALLY ZERO DUE TO BOUND STATE ASYMPTOPIA LIMITATIONS; RANGE =   -0.978E-13
 **** IN FUTURE RUNS ASYMPTOPIA MUST BE INCREASED.
0**** ERROR:  THE DIF GRID RANGE FOR SUM =   26.71 IS ESSENTIALLY ZERO DUE TO BOUND STATE ASYMPTOPIA LIMITATIONS; RANGE =   -0.993E-13
 **** IN FUTURE RUNS ASYMPTOPIA MUST BE INCREASED.
0**** ERROR:  THE DIF GRID RANGE FOR SUM =   27.00 IS ESSENTIALLY ZERO DUE TO BOUND STATE ASYMPTOPIA LIMITATIONS; RANGE =   -0.100E-12
 **** IN FUTURE RUNS ASYMPTOPIA MUST BE INCREASED.
0**** ERROR:  THE DIF GRID RANGE FOR SUM =   27.16 IS ESSENTIALLY ZERO DUE TO BOUND STATE ASYMPTOPIA LIMITATIONS; RANGE =   -0.101E-12
 **** IN FUTURE RUNS ASYMPTOPIA MUST BE INCREASED.
0**** WARNING:  SEARCH FOR THE DIF GRIDS WAS STOPPED  25 TIMES BY BOUND STATE ASYMPTOPIA.
 **** IN FUTURE RUNS INCREASE ASYMPTOPIA TO MORE THAN:          18.26 (PROJECTILE)          27.25 (TARGET)
 **** INVALID VMIN, VMID, VMAX:    0.43502E-13   -0.18323E-13   -0.44820E-13
 **** INVALID VMIN, VMID, VMAX:    0.44871E-13   -0.18900E-13   -0.46231E-13
 **** INVALID VMIN, VMID, VMAX:    0.46126E-13   -0.19429E-13   -0.47524E-13
 **** INVALID VMIN, VMID, VMAX:    0.47238E-13   -0.19897E-13   -0.48670E-13
 **** INVALID VMIN, VMID, VMAX:    0.48180E-13   -0.20294E-13   -0.49640E-13
 **** INVALID VMIN, VMID, VMAX:    0.48926E-13   -0.20608E-13   -0.50408E-13
 **** INVALID VMIN, VMID, VMAX:    0.49456E-13   -0.20832E-13   -0.50955E-13
 **** INVALID VMIN, VMID, VMAX:    0.49756E-13   -0.20958E-13   -0.51264E-13
0*** ILLEGAL VMIN OR VMAX:  1    0.38640E-01   -0.77280E-01    0.77280E-01
 *** VALUES SET TO MAXIMUM ALLOWED.
0*** ILLEGAL VMIN OR VMAX:  2    0.20235       -0.40471        0.40471    
 *** VALUES SET TO MAXIMUM ALLOWED.
0*** ILLEGAL VMIN OR VMAX:  3    0.49192       -0.98385        0.98385    
 *** VALUES SET TO MAXIMUM ALLOWED.
0*** ILLEGAL VMIN OR VMAX:  4    0.89922        -1.7984         1.7984    
 *** VALUES SET TO MAXIMUM ALLOWED.
 **** WARNING:  IN THE PHI-GRID SEARCHES     788 BOUND STATE WAVEFUNCTIONS WERE NEEDED BEYOND THE BOUND STATE ASYMPTOPIA.
 **** IN FUTURE RUNS INCREASE ASYMPTOPIA TO MORE THAN:          18.13 (PROJECTILE)          26.93 (TARGET)
 **** ERROR:    7564 BOUND STATE WAVEFUNCTIONS WERE NEEDED BEYOND THE BOUND STATE ASYMPTOPIA.
 **** IN FUTURE RUNS INCREASE ASYMPTOPIA TO MORE THAN:          18.16 (PROJECTILE)          26.96 (TARGET)
1                                                          P T O L E M Y
          COMPUTATION OF TRANSFER S-MATRIX ELEMENTS                                           WHEELS WITHIN WHEELS
0116Cd(d,p)117Cd(1/2+ 0.0)                    ELAB =  15.00 MEV                                                                      

0TIME IN A12                        0.000 SEC
 IN PHI & A12 LOOP                  0.078 SEC
 INTERPOLATING H'S                  0.003 SEC
 COMPUTING SCATTERING WAVES         0.001 SEC
 INTERPOLATING SCATTERING WAVES     0.006 SEC
 REST OF RI & RO LOOP               0.006 SEC
 REST OF LO LOOP                    0.000 SEC
 ALL OTHER TIME                     0.000 SEC
 TOTAL TIME                         0.094 SEC
 NUMBER OF CALLS TO second           6728 CALLS
 
    14112000 PASSES WERE MADE THROUGH THE INNERMOST LOOP;        AVERAGE TERM TIME =    0.005 MICROSECONDS
    14112000 ITERATIONS OF COS(ARG-MU*PHI) WERE MADE;          AVERAGE COSINE TIME =    0.005 MICROSECONDS
     1312000 PASSES WERE MADE THROUGH THE (M1, M2) LOOP
     1312000 PASSES WERE MADE THE PHI LOOP
       65600 H'S WERE COMPUTED OR READ                              AVERAGE H TIME =    0.001 MILLISECONDS
       65600 H'S WERE FOUND BY INTERPOLATION          AVERAGE H-INTERPOLATION TIME =    0.049 MICROSECONDS
        0.00% OF THE (RI,RO) POINTS WERE SKIPPED DUE TO DWCUTOFF.


1                                                          P T O L E M Y
                                               INTERPOLATION AND EXTRAPOLATION IN L
0116Cd(d,p)117Cd(1/2+ 0.0)                    ELAB =  15.00 MEV                                                                      

0USING WOODS-SAXON     EXTRAPOLATION FUNCTIONS.
0**** WARNING:  FOR (2*JP,2*JT,LX,LO-LI) = (  3  1  2 -2)    LPEAK =  40 IS AT END OF L-RANGE (FISHY) ***
0**** WARNING:  FOR (2*JP,2*JT,LX,LO-LI) = (  3  1  2  2)    LPEAK =  40 IS AT END OF L-RANGE (FISHY) ***
0 TIME FOR L-INTERPOLATIONS :   0.000 SECONDS

1                                                      P T O L E M Y
          COMPUTATION OF CROSS SECTIONS                                      SOPHISTICATED PROGRAMS CONTAIN SUBTLE ERRORS
0116Cd(d,p)117Cd(1/2+ 0.0)                      15.00 MEV                                                                      

0  LAB.  REACTION     REACTION   LOW L  HIGH L   % FROM
+                                                          INCOMING ELASTIC      OUTGOING    REACTION      REACTION      REACTION
  ANGLE  LAB. MB        /RUTH     %/L   % ERROR  L>LMAX
+                                                          LAB. MB      /RUTH      /RUTH
+                                                                                             LX = 0        LX = 1        LX = 2
 
   0.00   23.895      0.000000   -7.83    0.00     0.0   0.14217E+42  1.000000    1.000000    23.895        0.0000       0.17254E-04
   1.00   23.603      0.000000   -7.87    0.00     0.0   0.22900E+10  1.000707    1.001378    23.603       0.10410E-03   0.17176E-04
   2.00   22.743      0.000000   -8.00    0.00     0.0   0.14289E+09  0.998903    0.995649    22.742       0.41287E-03   0.16944E-04
   3.00   21.362      0.000001   -8.21    0.00     0.0   0.28454E+08  1.006776    0.991377    21.362       0.91594E-03   0.16571E-04
   4.00   19.540      0.000003   -8.53    0.00     0.0   0.89124E+07  0.996282    1.004749    19.538       0.15965E-02   0.16076E-04
   5.00   17.375      0.000006   -8.95    0.00     0.0   0.35995E+07  0.981901    1.027628    17.372       0.24321E-02   0.15484E-04
   6.00   14.985      0.000011   -9.50    0.00     0.0   0.17425E+07  0.985116    1.045877    14.982       0.33955E-02   0.14827E-04
   7.00   12.496      0.000016  -10.20    0.00     0.0   0.96021E+06  1.005023    1.050143    12.492       0.44560E-02   0.14139E-04
   8.00   10.037      0.000023  -11.07    0.00     0.0   0.57639E+06  1.028411    1.037785    10.031       0.55806E-02   0.13460E-04
   9.00   7.7256      0.000028  -12.13    0.00     0.0   0.36554E+06  1.043811    1.011269    7.7189       0.67356E-02   0.12829E-04
 
  10.00   5.6704      0.000031  -13.33    0.00     0.0   0.24081E+06  1.047048    0.975837    5.6625       0.78876E-02   0.12285E-04
  11.00   3.9575      0.000032  -14.51    0.00     0.0   0.16357E+06  1.040168    0.937522    3.9485       0.90052E-02   0.11866E-04
  12.00   2.6494      0.000030  -15.02    0.00     0.0   0.11427E+06  1.028003    0.901797    2.6394       0.10060E-01   0.11605E-04
  13.00   1.7816      0.000028  -12.96    0.00     0.0    82029.      1.015113    0.872801    1.7706       0.11029E-01   0.11532E-04
  14.00   1.3619      0.000028   -4.68    0.00     0.0    60408.      1.004107    0.853030    1.3500       0.11891E-01   0.11670E-04
  15.00   1.3713      0.000038    9.89    0.00     0.0    45504.      0.995290    0.843342    1.3587       0.12635E-01   0.12033E-04
  16.00   1.7670      0.000063   20.64    0.00     0.0    34920.      0.987187    0.843169    1.7538       0.13253E-01   0.12630E-04
  17.00   2.4862      0.000112   23.09    0.00     0.0    27175.      0.977430    0.850832    2.4725       0.13744E-01   0.13458E-04
  18.00   3.4513      0.000196   21.60    0.00     0.0    21354.      0.963639    0.863891    3.4372       0.14113E-01   0.14510E-04
  19.00   4.5757      0.000321   19.29    0.00     0.0    16883.      0.944075    0.879499    4.5613       0.14371E-01   0.15765E-04
 
  20.00   5.7700      0.000497   17.16    0.00     0.0    13398.      0.917989    0.894716    5.7554       0.14535E-01   0.17198E-04
  21.00   6.9477      0.000725   15.41    0.00     0.0    10657.      0.885679    0.906767    6.9330       0.14625E-01   0.18774E-04
  22.00   8.0304      0.001007   14.01    0.00     0.0    8493.0      0.848336    0.913251    8.0157       0.14665E-01   0.20454E-04
  23.00   8.9522      0.001338   12.89    0.00     0.0    6785.0      0.807754    0.912277    8.9375       0.14682E-01   0.22193E-04
  24.00   9.6627      0.001708   11.99    0.00     0.0    5440.0      0.765994    0.902552    9.6480       0.14704E-01   0.23943E-04
  25.00   10.129      0.002103   11.27    0.00     0.0    4384.5      0.725067    0.883413    10.114       0.14759E-01   0.25654E-04
  26.00   10.335      0.002503   10.67    0.00     0.0    3558.7      0.686685    0.854816    10.321       0.14874E-01   0.27277E-04
  27.00   10.284      0.002889   10.16    0.00     0.0    2913.8      0.652097    0.817289    10.269       0.15075E-01   0.28765E-04
  28.00   9.9909      0.003236    9.72    0.00     0.0    2409.8      0.622015    0.771860    9.9755       0.15385E-01   0.30075E-04
  29.00   9.4854      0.003525    9.32    0.00     0.0    2014.6      0.596619    0.719965    9.4695       0.15822E-01   0.31171E-04
 
  30.00   8.8052      0.003736    8.92    0.00     0.0    1702.4      0.575637    0.663342    8.7888       0.16401E-01   0.32025E-04
  31.00   7.9941      0.003855    8.51    0.00     0.0    1453.0      0.558452    0.603929    7.9769       0.17130E-01   0.32616E-04
  32.00   7.0979      0.003873    8.03    0.00     0.0    1251.2      0.544237    0.543756    7.0798       0.18014E-01   0.32936E-04
  33.00   6.1618      0.003790    7.44    0.00     0.0    1085.2      0.532086    0.484844    6.1427       0.19051E-01   0.32987E-04
  34.00   5.2277      0.003610    6.65    0.00     0.0    946.44      0.521131    0.429116    5.2074       0.20232E-01   0.32784E-04
  35.00   4.3323      0.003347    5.56    0.00     0.0    828.76      0.510633    0.378323    4.3107       0.21544E-01   0.32352E-04
  36.00   3.5058      0.003021    4.01    0.00     0.0    727.71      0.500034    0.333978    3.4828       0.22968E-01   0.31729E-04
  37.00   2.7713      0.002654    1.80    0.00     0.0    640.14      0.488985    0.297311    2.7468       0.24481E-01   0.30965E-04
  38.00   2.1444      0.002276   -1.35    0.00     0.0    563.83      0.477341    0.269236    2.1183       0.26055E-01   0.30117E-04
  39.00   1.6337      0.001916   -5.70    0.00     0.0    497.14      0.465132    0.250335    1.6060       0.27659E-01   0.29252E-04
 
1                                                      P T O L E M Y
          COMPUTATION OF CROSS SECTIONS                                      SOPHISTICATED PROGRAMS CONTAIN SUBTLE ERRORS
0116Cd(d,p)117Cd(1/2+ 0.0)                      15.00 MEV                                                                      

0  LAB.  REACTION     REACTION   LOW L  HIGH L   % FROM
+                                                          INCOMING ELASTIC      OUTGOING    REACTION      REACTION      REACTION
  ANGLE  LAB. MB        /RUTH     %/L   % ERROR  L>LMAX
+                                                          LAB. MB      /RUTH      /RUTH
+                                                                                             LX = 0        LX = 1        LX = 2
 
  40.00   1.2418      0.001605  -11.32    0.00     0.0    438.85      0.452517    0.240855    1.2125       0.29259E-01   0.28441E-04
  41.00  0.96552      0.001371  -17.74    0.00     0.0    387.95      0.439734    0.240719   0.93467       0.30822E-01   0.27761E-04
  42.00  0.79750      0.001242  -23.71    0.00     0.0    343.59      0.427043    0.249544   0.76516       0.32312E-01   0.27287E-04
  43.00  0.72695      0.001238  -27.63    0.00     0.0    305.00      0.414679    0.266673   0.69322       0.33697E-01   0.27095E-04
  44.00  0.74077      0.001377  -28.67    0.00     0.0    271.45      0.402818    0.291213   0.70580       0.34943E-01   0.27254E-04
  45.00  0.82445      0.001668  -27.26    0.00     0.0    242.28      0.391549    0.322072   0.78840       0.36024E-01   0.27825E-04
  46.00  0.96289      0.002117  -24.47    0.00     0.0    216.84      0.380867    0.358010   0.92595       0.36915E-01   0.28859E-04
  47.00   1.1411      0.002721  -21.23    0.00     0.0    194.57      0.370682    0.397679    1.1034       0.37598E-01   0.30395E-04
  48.00   1.3446      0.003471  -18.08    0.00     0.0    174.96      0.360829    0.439674    1.3065       0.38058E-01   0.32452E-04
  49.00   1.5601      0.004351  -15.25    0.00     0.0    157.55      0.351101    0.482574    1.5218       0.38290E-01   0.35037E-04
 
  50.00   1.7756      0.005340  -12.77    0.00     0.0    141.97      0.341275    0.524987    1.7372       0.38293E-01   0.38133E-04
  51.00   1.9806      0.006413  -10.63    0.00     0.0    127.93      0.331146    0.565583    1.9425       0.38074E-01   0.41708E-04
  52.00   2.1663      0.007540   -8.79    0.00     0.0    115.19      0.320556    0.603131    2.1287       0.37646E-01   0.45708E-04
  53.00   2.3258      0.008687   -7.19    0.00     0.0    103.59      0.309418    0.636530    2.2887       0.37028E-01   0.50061E-04
  54.00   2.4536      0.009820   -5.79    0.00     0.0    93.007      0.297729    0.664824    2.4173       0.36246E-01   0.54678E-04
  55.00   2.5462      0.010903   -4.55    0.00     0.0    83.364      0.285578    0.687228    2.5108       0.35327E-01   0.59456E-04
  56.00   2.6013      0.011902   -3.42    0.00     0.0    74.616      0.273143    0.703140    2.5669       0.34307E-01   0.64278E-04
  57.00   2.6185      0.012782   -2.40    0.00     0.0    66.731      0.260675    0.712143    2.5852       0.33220E-01   0.69022E-04
  58.00   2.5984      0.013515   -1.44    0.00     0.0    59.688      0.248483    0.714014    2.5663       0.32103E-01   0.73560E-04
  59.00   2.5430      0.014075   -0.53    0.00     0.0    53.468      0.236906    0.708719    2.5120       0.30995E-01   0.77764E-04
 
  60.00   2.4552      0.014442    0.35    0.00     0.0    48.045      0.226283    0.696410    2.4252       0.29930E-01   0.81513E-04

0TOTAL:     15.750    
+                                                         1774.8                  1279.5    
+                                                                                             15.498       0.25132       0.72325E-03
                                                                                              98.40%         1.60%         0.00%

0 JP  JT  LX MX      TOTAL      PERCENT     (VALUES FOR M > 0 NOT DOUBLED.)

  1/2  1/2  0  0     15.498       98.40
  1/2  1/2  1  1    0.23836E-01    0.15
  3/2  1/2  1  1    0.10183        0.65
  3/2  1/2  2  0    0.18644E-03    0.00
  3/2  1/2  2  1    0.11263E-04    0.00
  3/2  1/2  2  2    0.25714E-03    0.00
1                                                      P T O L E M Y
          ANALYZING POWERS FOR THE  >>>> REACTION <<<<  CHANNEL
0116Cd(d,p)117Cd(1/2+ 0.0)                      15.00 MEV                                                                      
0  LAB.       iT11       T20       T21       T22
  ANGLE

   0.00     0.00000   0.00058   0.00000   0.00000
  -1.00    -0.00263   0.00058  -0.00001   0.00000

  -2.00    -0.00531   0.00056  -0.00002  -0.00001

  -3.00    -0.00812   0.00052  -0.00002  -0.00003

  -4.00    -0.01112   0.00047  -0.00003  -0.00006

  -5.00    -0.01439   0.00039  -0.00004  -0.00010

  -6.00    -0.01801   0.00027  -0.00004  -0.00016

  -7.00    -0.02205   0.00011  -0.00005  -0.00023

  -8.00    -0.02658  -0.00013  -0.00005  -0.00033

  -9.00    -0.03155  -0.00048  -0.00004  -0.00045

 -10.00    -0.03657  -0.00101  -0.00001  -0.00061

 -11.00    -0.04026  -0.00184   0.00004  -0.00081

 -12.00    -0.03849  -0.00310   0.00014  -0.00100

 -13.00    -0.02131  -0.00477   0.00032  -0.00101

 -14.00     0.02166  -0.00593   0.00052  -0.00051

 -15.00     0.07080  -0.00507   0.00058   0.00049

 -16.00     0.09137  -0.00293   0.00045   0.00126

 -17.00     0.08822  -0.00114   0.00028   0.00157

 -18.00     0.07760  -0.00002   0.00014   0.00164

 -19.00     0.06654   0.00067   0.00004   0.00161

 -20.00     0.05674   0.00110  -0.00004   0.00156

1                                                      P T O L E M Y
          ANALYZING POWERS FOR THE  >>>> REACTION <<<<  CHANNEL
0116Cd(d,p)117Cd(1/2+ 0.0)                      15.00 MEV                                                                      
0  LAB.       iT11       T20       T21       T22
  ANGLE

 -21.00     0.04829   0.00139  -0.00010   0.00149

 -22.00     0.04090   0.00159  -0.00016   0.00143

 -23.00     0.03424   0.00174  -0.00021   0.00138

 -24.00     0.02802   0.00186  -0.00026   0.00132

 -25.00     0.02203   0.00195  -0.00031   0.00126

 -26.00     0.01605   0.00203  -0.00036   0.00119

 -27.00     0.00989   0.00209  -0.00041   0.00112

 -28.00     0.00338   0.00213  -0.00047   0.00103

 -29.00    -0.00368   0.00216  -0.00053   0.00093

 -30.00    -0.01146   0.00216  -0.00059   0.00080

 -31.00    -0.02021   0.00213  -0.00066   0.00064

 -32.00    -0.03016   0.00206  -0.00073   0.00043

 -33.00    -0.04159   0.00193  -0.00080   0.00016

 -34.00    -0.05482   0.00172  -0.00088  -0.00018

 -35.00    -0.07013   0.00140  -0.00095  -0.00063

 -36.00    -0.08772   0.00091  -0.00101  -0.00121

 -37.00    -0.10746   0.00020  -0.00105  -0.00197

 -38.00    -0.12841  -0.00085  -0.00104  -0.00295

 -39.00    -0.14774  -0.00232  -0.00093  -0.00416

 -40.00    -0.15900  -0.00429  -0.00065  -0.00553

1                                                      P T O L E M Y
          ANALYZING POWERS FOR THE  >>>> REACTION <<<<  CHANNEL
0116Cd(d,p)117Cd(1/2+ 0.0)                      15.00 MEV                                                                      
0  LAB.       iT11       T20       T21       T22
  ANGLE

 -41.00    -0.15078  -0.00661  -0.00014  -0.00678

 -42.00    -0.11034  -0.00871   0.00061  -0.00735

 -43.00    -0.03722  -0.00966   0.00142  -0.00665

 -44.00     0.04701  -0.00896   0.00202  -0.00475

 -45.00     0.11559  -0.00709   0.00224  -0.00239

 -46.00     0.15803  -0.00488   0.00217  -0.00027

 -47.00     0.17829  -0.00287   0.00195   0.00136

 -48.00     0.18403  -0.00123   0.00166   0.00251

 -49.00     0.18129   0.00005   0.00137   0.00331

 -50.00     0.17381   0.00104   0.00110   0.00385

 -51.00     0.16371   0.00181   0.00084   0.00421

 -52.00     0.15211   0.00239   0.00061   0.00443

 -53.00     0.13960   0.00284   0.00039   0.00456

 -54.00     0.12645   0.00318   0.00019   0.00461

 -55.00     0.11278   0.00342   0.00000   0.00460

 -56.00     0.09862   0.00358  -0.00018   0.00453

 -57.00     0.08394   0.00367  -0.00035   0.00440

 -58.00     0.06867   0.00369  -0.00052   0.00422

 -59.00     0.05273   0.00364  -0.00068   0.00398

 -60.00     0.03601   0.00352  -0.00084   0.00368

1                                                      P T O L E M Y
          ANALYZING POWERS FOR THE  >>>> INCOMING <<<<  CHANNEL
0116Cd(d,p)117Cd(1/2+ 0.0)                      15.00 MEV                                                                      
0  LAB.       iT11       T20       T21       T22
  ANGLE

   0.00     0.00000   0.00000   0.00000   0.00000
  -1.00     0.00000   0.00000   0.00000   0.00000

  -2.00     0.00001   0.00000   0.00000   0.00000

  -3.00    -0.00002   0.00000   0.00000   0.00000

  -4.00    -0.00005   0.00000   0.00000   0.00000

  -5.00     0.00007  -0.00001   0.00000   0.00000

  -6.00     0.00024  -0.00001   0.00000   0.00000

  -7.00     0.00025   0.00000   0.00000   0.00000

  -8.00     0.00003   0.00001   0.00000   0.00000

  -9.00    -0.00035   0.00002   0.00000   0.00000

 -10.00    -0.00075   0.00002   0.00000   0.00000

 -11.00    -0.00102   0.00001   0.00000   0.00000

 -12.00    -0.00106   0.00000   0.00000  -0.00001

 -13.00    -0.00083  -0.00002   0.00000  -0.00001

 -14.00    -0.00038  -0.00003   0.00000   0.00000

 -15.00     0.00018  -0.00004   0.00001   0.00000

 -16.00     0.00074  -0.00005   0.00001   0.00001

 -17.00     0.00119  -0.00004   0.00001   0.00001

 -18.00     0.00146  -0.00003   0.00001   0.00002

 -19.00     0.00152  -0.00001   0.00001   0.00003

 -20.00     0.00137   0.00001   0.00000   0.00004

1                                                      P T O L E M Y
          ANALYZING POWERS FOR THE  >>>> INCOMING <<<<  CHANNEL
0116Cd(d,p)117Cd(1/2+ 0.0)                      15.00 MEV                                                                      
0  LAB.       iT11       T20       T21       T22
  ANGLE

 -21.00     0.00105   0.00004   0.00000   0.00004

 -22.00     0.00062   0.00007  -0.00001   0.00005

 -23.00     0.00014   0.00010  -0.00002   0.00004

 -24.00    -0.00030   0.00012  -0.00002   0.00003

 -25.00    -0.00060   0.00013  -0.00003   0.00001

 -26.00    -0.00066   0.00012  -0.00004  -0.00001

 -27.00    -0.00041   0.00011  -0.00005  -0.00005

 -28.00     0.00020   0.00007  -0.00005  -0.00009

 -29.00     0.00118   0.00002  -0.00004  -0.00013

 -30.00     0.00250  -0.00004  -0.00004  -0.00018

 -31.00     0.00408  -0.00012  -0.00002  -0.00022

 -32.00     0.00583  -0.00019  -0.00001  -0.00026

 -33.00     0.00765  -0.00026   0.00001  -0.00028

 -34.00     0.00942  -0.00033   0.00004  -0.00029

 -35.00     0.01108  -0.00037   0.00006  -0.00029

 -36.00     0.01253  -0.00040   0.00009  -0.00026

 -37.00     0.01373  -0.00041   0.00011  -0.00021

 -38.00     0.01461  -0.00038   0.00013  -0.00014

 -39.00     0.01515  -0.00033   0.00015  -0.00005

 -40.00     0.01529  -0.00025   0.00016   0.00006

1                                                      P T O L E M Y
          ANALYZING POWERS FOR THE  >>>> INCOMING <<<<  CHANNEL
0116Cd(d,p)117Cd(1/2+ 0.0)                      15.00 MEV                                                                      
0  LAB.       iT11       T20       T21       T22
  ANGLE

 -41.00     0.01502  -0.00015   0.00016   0.00018

 -42.00     0.01433  -0.00001   0.00015   0.00031

 -43.00     0.01321   0.00013   0.00013   0.00045

 -44.00     0.01168   0.00029   0.00011   0.00058

 -45.00     0.00980   0.00045   0.00007   0.00069

 -46.00     0.00762   0.00060   0.00002   0.00078

 -47.00     0.00522   0.00072  -0.00003   0.00084

 -48.00     0.00273   0.00082  -0.00009   0.00085

 -49.00     0.00023   0.00086  -0.00015   0.00081

 -50.00    -0.00214   0.00086  -0.00021   0.00071

 -51.00    -0.00426   0.00080  -0.00027   0.00056

 -52.00    -0.00601   0.00068  -0.00032   0.00034

 -53.00    -0.00726   0.00050  -0.00037   0.00007

 -54.00    -0.00787   0.00025  -0.00040  -0.00026

 -55.00    -0.00772  -0.00006  -0.00041  -0.00063

 -56.00    -0.00666  -0.00042  -0.00041  -0.00105

 -57.00    -0.00459  -0.00081  -0.00038  -0.00149

 -58.00    -0.00141  -0.00124  -0.00034  -0.00193

 -59.00     0.00292  -0.00166  -0.00026  -0.00235

 -60.00     0.00835  -0.00205  -0.00017  -0.00272

1                                                      P T O L E M Y
          ANALYZING POWERS FOR THE  >>>> OUTGOING <<<<  CHANNEL
0116Cd(d,p)117Cd(1/2+ 0.0)                      22.04 MEV                                                                      
0  LAB.       iT11
  ANGLE

   0.00     0.00000
  -1.00     0.00000

  -2.00     0.00000

  -3.00     0.00005

  -4.00     0.00005

  -5.00    -0.00007

  -6.00    -0.00030

  -7.00    -0.00056

  -8.00    -0.00076

  -9.00    -0.00079

 -10.00    -0.00055

 -11.00     0.00004

 -12.00     0.00098

 -13.00     0.00226

 -14.00     0.00374

 -15.00     0.00524

 -16.00     0.00656

 -17.00     0.00751

 -18.00     0.00796

 -19.00     0.00781

 -20.00     0.00705

1                                                      P T O L E M Y
          ANALYZING POWERS FOR THE  >>>> OUTGOING <<<<  CHANNEL
0116Cd(d,p)117Cd(1/2+ 0.0)                      22.04 MEV                                                                      
0  LAB.       iT11
  ANGLE

 -21.00     0.00567

 -22.00     0.00366

 -23.00     0.00105

 -24.00    -0.00216

 -25.00    -0.00599

 -26.00    -0.01045

 -27.00    -0.01556

 -28.00    -0.02133

 -29.00    -0.02776

 -30.00    -0.03481

 -31.00    -0.04236

 -32.00    -0.05018

 -33.00    -0.05782

 -34.00    -0.06455

 -35.00    -0.06921

 -36.00    -0.07015

 -37.00    -0.06532

 -38.00    -0.05273

 -39.00    -0.03132

 -40.00    -0.00201

1                                                      P T O L E M Y
          ANALYZING POWERS FOR THE  >>>> OUTGOING <<<<  CHANNEL
0116Cd(d,p)117Cd(1/2+ 0.0)                      22.04 MEV                                                                      
0  LAB.       iT11
  ANGLE

 -41.00     0.03197

 -42.00     0.06603

 -43.00     0.09602

 -44.00     0.11949

 -45.00     0.13582

 -46.00     0.14562

 -47.00     0.15002

 -48.00     0.15015

 -49.00     0.14698

 -50.00     0.14126

 -51.00     0.13351

 -52.00     0.12408

 -53.00     0.11321

 -54.00     0.10102

 -55.00     0.08758

 -56.00     0.07292

 -57.00     0.05701

 -58.00     0.03981

 -59.00     0.02124

 -60.00     0.00123

0
0
0CPU TIMES FOR CROSS SECTIONS (SECONDS):
0PRINTING PHASE SHIFTS            0.000
 ELASTIC CROSS SECTIONS           0.001
 BETA'S (SUM ON LI)               0.000
 REACTION CROSS SECTIONS          0.001          (   0.13 MFLOPS =184.753 MFLOP/SEC )
 REACTION ANALYZING POWERS        0.000
 ELASTIC ANALYZING POWERS         0.001
 ALL OTHER TIME                   0.000
 TOTAL TIME                              0.003

0
0INPUT... writens crosssec
 NUMBERED STORAGE OBJECT 113 with     61 elements WRITTEN TO FT15 WITH 5G14.5 FORMAT
0INPUT...  
0INPUT... end
0               ALLOCATOR STATISTICS
                                        WORDS   KILOBYTES
 ALLOCATOR SIZE:                      6249990   48828.0
 CURRENT UNCOMPRESSED SIZE:             92303     721.1
 CURRENT COMPRESSED SIZE:                5876      45.9
 PEAK COMPRESSED SIZE:                  82295     642.9
0NAME STACK SIZE:                         500
 CURRENT HIGHEST NAME:                    126
 CURRENT NAMES IN USE:                     44
 PEAK NAMES IN USE:                        70
 NUMBER OF ALLOCATOR COMPRESSES:            0


-TOTAL PTOLEMY CPU TIME =   0.13 SECONDS.
